[0.014s] Invoking command in '/home/hp/arduino_cpp_publisher/build/arduinobot_firmware': CMAKE_PREFIX_PATH=${CMAKE_PREFIX_PATH}:/opt/ros/jazzy DEBUGINFOD_URLS=https://debuginfod.ubuntu.com /usr/bin/cmake --build /home/hp/arduino_cpp_publisher/build/arduinobot_firmware -- -j8 -l8
[0.041s] -- Found ament_cmake: 2.5.2 (/opt/ros/jazzy/share/ament_cmake/cmake)
[0.314s] -- Found rclpy: 7.1.2 (/opt/ros/jazzy/share/rclpy/cmake)
[0.445s] -- Found ament_lint_auto: 0.17.1 (/opt/ros/jazzy/share/ament_lint_auto/cmake)
[0.568s] -- Added test 'flake8' to check Python code syntax and style conventions
[0.568s] -- Configured 'flake8' exclude dirs and/or files: 
[0.569s] -- Added test 'lint_cmake' to check CMake code style
[0.570s] -- Added test 'pep257' to check Python code against some of the docstring style conventions in PEP 257
[0.571s] -- Added test 'xmllint' to check XML markup files
[0.573s] -- Configuring done (0.5s)
[0.578s] -- Generating done (0.0s)
[0.581s] -- Build files have been written to: /home/hp/arduino_cpp_publisher/build/arduinobot_firmware
[0.639s] Built target ament_cmake_python_copy_arduinobot_firmware
[0.910s] running egg_info
[0.928s] writing arduinobot_firmware.egg-info/PKG-INFO
[0.928s] writing dependency_links to arduinobot_firmware.egg-info/dependency_links.txt
[0.928s] writing top-level names to arduinobot_firmware.egg-info/top_level.txt
[0.987s] reading manifest file 'arduinobot_firmware.egg-info/SOURCES.txt'
[0.988s] writing manifest file 'arduinobot_firmware.egg-info/SOURCES.txt'
[1.025s] Built target ament_cmake_python_build_arduinobot_firmware_egg
[1.038s] Invoked command in '/home/hp/arduino_cpp_publisher/build/arduinobot_firmware' returned '0': CMAKE_PREFIX_PATH=${CMAKE_PREFIX_PATH}:/opt/ros/jazzy DEBUGINFOD_URLS=https://debuginfod.ubuntu.com /usr/bin/cmake --build /home/hp/arduino_cpp_publisher/build/arduinobot_firmware -- -j8 -l8
[1.048s] Invoking command in '/home/hp/arduino_cpp_publisher/build/arduinobot_firmware': CMAKE_PREFIX_PATH=${CMAKE_PREFIX_PATH}:/opt/ros/jazzy DEBUGINFOD_URLS=https://debuginfod.ubuntu.com /usr/bin/cmake --install /home/hp/arduino_cpp_publisher/build/arduinobot_firmware
[1.056s] -- Install configuration: ""
[1.056s] -- Up-to-date: /home/hp/arduino_cpp_publisher/install/arduinobot_firmware/share/arduinobot_firmware/environment/pythonpath.sh
[1.057s] -- Up-to-date: /home/hp/arduino_cpp_publisher/install/arduinobot_firmware/share/arduinobot_firmware/environment/pythonpath.dsv
[1.057s] -- Up-to-date: /home/hp/arduino_cpp_publisher/install/arduinobot_firmware/lib/python3.12/site-packages/arduinobot_firmware-0.0.0-py3.12.egg-info
[1.057s] -- Installing: /home/hp/arduino_cpp_publisher/install/arduinobot_firmware/lib/python3.12/site-packages/arduinobot_firmware-0.0.0-py3.12.egg-info/SOURCES.txt
[1.057s] -- Installing: /home/hp/arduino_cpp_publisher/install/arduinobot_firmware/lib/python3.12/site-packages/arduinobot_firmware-0.0.0-py3.12.egg-info/top_level.txt
[1.058s] -- Installing: /home/hp/arduino_cpp_publisher/install/arduinobot_firmware/lib/python3.12/site-packages/arduinobot_firmware-0.0.0-py3.12.egg-info/PKG-INFO
[1.058s] -- Installing: /home/hp/arduino_cpp_publisher/install/arduinobot_firmware/lib/python3.12/site-packages/arduinobot_firmware-0.0.0-py3.12.egg-info/dependency_links.txt
[1.058s] -- Up-to-date: /home/hp/arduino_cpp_publisher/install/arduinobot_firmware/lib/python3.12/site-packages/arduinobot_firmware
[1.058s] -- Up-to-date: /home/hp/arduino_cpp_publisher/install/arduinobot_firmware/lib/python3.12/site-packages/arduinobot_firmware/tf_publisher.py
[1.058s] -- Up-to-date: /home/hp/arduino_cpp_publisher/install/arduinobot_firmware/lib/python3.12/site-packages/arduinobot_firmware/__init__.py
[1.058s] -- Up-to-date: /home/hp/arduino_cpp_publisher/install/arduinobot_firmware/lib/python3.12/site-packages/arduinobot_firmware/simple_serial_transmitter.py
[1.108s] Listing '/home/hp/arduino_cpp_publisher/install/arduinobot_firmware/lib/python3.12/site-packages/arduinobot_firmware'...
[1.117s] -- Up-to-date: /home/hp/arduino_cpp_publisher/install/arduinobot_firmware/lib/arduinobot_firmware/simple_serial_transmitter.py
[1.117s] -- Up-to-date: /home/hp/arduino_cpp_publisher/install/arduinobot_firmware/lib/arduinobot_firmware/tf_publisher.py
[1.118s] -- Up-to-date: /home/hp/arduino_cpp_publisher/install/arduinobot_firmware/share/ament_index/resource_index/package_run_dependencies/arduinobot_firmware
[1.118s] -- Up-to-date: /home/hp/arduino_cpp_publisher/install/arduinobot_firmware/share/ament_index/resource_index/parent_prefix_path/arduinobot_firmware
[1.118s] -- Up-to-date: /home/hp/arduino_cpp_publisher/install/arduinobot_firmware/share/arduinobot_firmware/environment/ament_prefix_path.sh
[1.118s] -- Up-to-date: /home/hp/arduino_cpp_publisher/install/arduinobot_firmware/share/arduinobot_firmware/environment/ament_prefix_path.dsv
[1.119s] -- Up-to-date: /home/hp/arduino_cpp_publisher/install/arduinobot_firmware/share/arduinobot_firmware/environment/path.sh
[1.120s] -- Up-to-date: /home/hp/arduino_cpp_publisher/install/arduinobot_firmware/share/arduinobot_firmware/environment/path.dsv
[1.120s] -- Up-to-date: /home/hp/arduino_cpp_publisher/install/arduinobot_firmware/share/arduinobot_firmware/local_setup.bash
[1.120s] -- Up-to-date: /home/hp/arduino_cpp_publisher/install/arduinobot_firmware/share/arduinobot_firmware/local_setup.sh
[1.121s] -- Up-to-date: /home/hp/arduino_cpp_publisher/install/arduinobot_firmware/share/arduinobot_firmware/local_setup.zsh
[1.121s] -- Up-to-date: /home/hp/arduino_cpp_publisher/install/arduinobot_firmware/share/arduinobot_firmware/local_setup.dsv
[1.121s] -- Installing: /home/hp/arduino_cpp_publisher/install/arduinobot_firmware/share/arduinobot_firmware/package.dsv
[1.121s] -- Up-to-date: /home/hp/arduino_cpp_publisher/install/arduinobot_firmware/share/ament_index/resource_index/packages/arduinobot_firmware
[1.122s] -- Up-to-date: /home/hp/arduino_cpp_publisher/install/arduinobot_firmware/share/arduinobot_firmware/cmake/arduinobot_firmwareConfig.cmake
[1.122s] -- Up-to-date: /home/hp/arduino_cpp_publisher/install/arduinobot_firmware/share/arduinobot_firmware/cmake/arduinobot_firmwareConfig-version.cmake
[1.122s] -- Up-to-date: /home/hp/arduino_cpp_publisher/install/arduinobot_firmware/share/arduinobot_firmware/package.xml
[1.124s] Invoked command in '/home/hp/arduino_cpp_publisher/build/arduinobot_firmware' returned '0': CMAKE_PREFIX_PATH=${CMAKE_PREFIX_PATH}:/opt/ros/jazzy DEBUGINFOD_URLS=https://debuginfod.ubuntu.com /usr/bin/cmake --install /home/hp/arduino_cpp_publisher/build/arduinobot_firmware
