[0.011s] Invoking command in '/home/hp/arduino_cpp_publisher/build/arduinobot_firmware': CMAKE_PREFIX_PATH=${CMAKE_PREFIX_PATH}:/opt/ros/jazzy DEBUGINFOD_URLS=https://debuginfod.ubuntu.com /usr/bin/cmake --build /home/hp/arduino_cpp_publisher/build/arduinobot_firmware -- -j8 -l8
[0.065s] Built target ament_cmake_python_copy_arduinobot_firmware
[0.291s] running egg_info
[0.312s] writing arduinobot_firmware.egg-info/PKG-INFO
[0.313s] writing dependency_links to arduinobot_firmware.egg-info/dependency_links.txt
[0.313s] writing top-level names to arduinobot_firmware.egg-info/top_level.txt
[0.365s] reading manifest file 'arduinobot_firmware.egg-info/SOURCES.txt'
[0.366s] writing manifest file 'arduinobot_firmware.egg-info/SOURCES.txt'
[0.394s] Built target ament_cmake_python_build_arduinobot_firmware_egg
[0.406s] Invoked command in '/home/hp/arduino_cpp_publisher/build/arduinobot_firmware' returned '0': CMAKE_PREFIX_PATH=${CMAKE_PREFIX_PATH}:/opt/ros/jazzy DEBUGINFOD_URLS=https://debuginfod.ubuntu.com /usr/bin/cmake --build /home/hp/arduino_cpp_publisher/build/arduinobot_firmware -- -j8 -l8
[0.416s] Invoking command in '/home/hp/arduino_cpp_publisher/build/arduinobot_firmware': CMAKE_PREFIX_PATH=${CMAKE_PREFIX_PATH}:/opt/ros/jazzy DEBUGINFOD_URLS=https://debuginfod.ubuntu.com /usr/bin/cmake --install /home/hp/arduino_cpp_publisher/build/arduinobot_firmware
[0.424s] -- Install configuration: ""
[0.424s] -- Up-to-date: /home/hp/arduino_cpp_publisher/install/arduinobot_firmware/share/arduinobot_firmware/environment/pythonpath.sh
[0.424s] -- Up-to-date: /home/hp/arduino_cpp_publisher/install/arduinobot_firmware/share/arduinobot_firmware/environment/pythonpath.dsv
[0.425s] -- Up-to-date: /home/hp/arduino_cpp_publisher/install/arduinobot_firmware/lib/python3.12/site-packages/arduinobot_firmware-0.0.0-py3.12.egg-info
[0.425s] -- Installing: /home/hp/arduino_cpp_publisher/install/arduinobot_firmware/lib/python3.12/site-packages/arduinobot_firmware-0.0.0-py3.12.egg-info/SOURCES.txt
[0.425s] -- Installing: /home/hp/arduino_cpp_publisher/install/arduinobot_firmware/lib/python3.12/site-packages/arduinobot_firmware-0.0.0-py3.12.egg-info/top_level.txt
[0.425s] -- Installing: /home/hp/arduino_cpp_publisher/install/arduinobot_firmware/lib/python3.12/site-packages/arduinobot_firmware-0.0.0-py3.12.egg-info/PKG-INFO
[0.425s] -- Installing: /home/hp/arduino_cpp_publisher/install/arduinobot_firmware/lib/python3.12/site-packages/arduinobot_firmware-0.0.0-py3.12.egg-info/dependency_links.txt
[0.425s] -- Up-to-date: /home/hp/arduino_cpp_publisher/install/arduinobot_firmware/lib/python3.12/site-packages/arduinobot_firmware
[0.425s] -- Up-to-date: /home/hp/arduino_cpp_publisher/install/arduinobot_firmware/lib/python3.12/site-packages/arduinobot_firmware/tf_publisher.py
[0.425s] -- Up-to-date: /home/hp/arduino_cpp_publisher/install/arduinobot_firmware/lib/python3.12/site-packages/arduinobot_firmware/__init__.py
[0.425s] -- Installing: /home/hp/arduino_cpp_publisher/install/arduinobot_firmware/lib/python3.12/site-packages/arduinobot_firmware/simple_serial_transmitter.py
[0.467s] Listing '/home/hp/arduino_cpp_publisher/install/arduinobot_firmware/lib/python3.12/site-packages/arduinobot_firmware'...
[0.467s] Compiling '/home/hp/arduino_cpp_publisher/install/arduinobot_firmware/lib/python3.12/site-packages/arduinobot_firmware/simple_serial_transmitter.py'...
[0.473s] -- Installing: /home/hp/arduino_cpp_publisher/install/arduinobot_firmware/lib/arduinobot_firmware/simple_serial_transmitter.py
[0.474s] -- Up-to-date: /home/hp/arduino_cpp_publisher/install/arduinobot_firmware/lib/arduinobot_firmware/tf_publisher.py
[0.474s] -- Up-to-date: /home/hp/arduino_cpp_publisher/install/arduinobot_firmware/share/ament_index/resource_index/package_run_dependencies/arduinobot_firmware
[0.474s] -- Up-to-date: /home/hp/arduino_cpp_publisher/install/arduinobot_firmware/share/ament_index/resource_index/parent_prefix_path/arduinobot_firmware
[0.474s] -- Up-to-date: /home/hp/arduino_cpp_publisher/install/arduinobot_firmware/share/arduinobot_firmware/environment/ament_prefix_path.sh
[0.474s] -- Up-to-date: /home/hp/arduino_cpp_publisher/install/arduinobot_firmware/share/arduinobot_firmware/environment/ament_prefix_path.dsv
[0.474s] -- Up-to-date: /home/hp/arduino_cpp_publisher/install/arduinobot_firmware/share/arduinobot_firmware/environment/path.sh
[0.475s] -- Up-to-date: /home/hp/arduino_cpp_publisher/install/arduinobot_firmware/share/arduinobot_firmware/environment/path.dsv
[0.475s] -- Up-to-date: /home/hp/arduino_cpp_publisher/install/arduinobot_firmware/share/arduinobot_firmware/local_setup.bash
[0.475s] -- Up-to-date: /home/hp/arduino_cpp_publisher/install/arduinobot_firmware/share/arduinobot_firmware/local_setup.sh
[0.475s] -- Up-to-date: /home/hp/arduino_cpp_publisher/install/arduinobot_firmware/share/arduinobot_firmware/local_setup.zsh
[0.475s] -- Up-to-date: /home/hp/arduino_cpp_publisher/install/arduinobot_firmware/share/arduinobot_firmware/local_setup.dsv
[0.475s] -- Installing: /home/hp/arduino_cpp_publisher/install/arduinobot_firmware/share/arduinobot_firmware/package.dsv
[0.475s] -- Up-to-date: /home/hp/arduino_cpp_publisher/install/arduinobot_firmware/share/ament_index/resource_index/packages/arduinobot_firmware
[0.475s] -- Up-to-date: /home/hp/arduino_cpp_publisher/install/arduinobot_firmware/share/arduinobot_firmware/cmake/arduinobot_firmwareConfig.cmake
[0.475s] -- Up-to-date: /home/hp/arduino_cpp_publisher/install/arduinobot_firmware/share/arduinobot_firmware/cmake/arduinobot_firmwareConfig-version.cmake
[0.475s] -- Up-to-date: /home/hp/arduino_cpp_publisher/install/arduinobot_firmware/share/arduinobot_firmware/package.xml
[0.477s] Invoked command in '/home/hp/arduino_cpp_publisher/build/arduinobot_firmware' returned '0': CMAKE_PREFIX_PATH=${CMAKE_PREFIX_PATH}:/opt/ros/jazzy DEBUGINFOD_URLS=https://debuginfod.ubuntu.com /usr/bin/cmake --install /home/hp/arduino_cpp_publisher/build/arduinobot_firmware
