[0.012s] Invoking command in '/home/hp/arduino_cpp_publisher/build/arduinobot_firmware': CMAKE_PREFIX_PATH=${CMAKE_PREFIX_PATH}:/opt/ros/jazzy DEBUGINFOD_URLS=https://debuginfod.ubuntu.com /usr/bin/cmake --build /home/hp/arduino_cpp_publisher/build/arduinobot_firmware -- -j8 -l8
[0.067s] Built target ament_cmake_python_copy_arduinobot_firmware
[0.295s] running egg_info
[0.313s] writing arduinobot_firmware.egg-info/PKG-INFO
[0.313s] writing dependency_links to arduinobot_firmware.egg-info/dependency_links.txt
[0.313s] writing top-level names to arduinobot_firmware.egg-info/top_level.txt
[0.372s] reading manifest file 'arduinobot_firmware.egg-info/SOURCES.txt'
[0.373s] writing manifest file 'arduinobot_firmware.egg-info/SOURCES.txt'
[0.403s] Built target ament_cmake_python_build_arduinobot_firmware_egg
[0.416s] Invoked command in '/home/hp/arduino_cpp_publisher/build/arduinobot_firmware' returned '0': CMAKE_PREFIX_PATH=${CMAKE_PREFIX_PATH}:/opt/ros/jazzy DEBUGINFOD_URLS=https://debuginfod.ubuntu.com /usr/bin/cmake --build /home/hp/arduino_cpp_publisher/build/arduinobot_firmware -- -j8 -l8
[0.426s] Invoking command in '/home/hp/arduino_cpp_publisher/build/arduinobot_firmware': CMAKE_PREFIX_PATH=${CMAKE_PREFIX_PATH}:/opt/ros/jazzy DEBUGINFOD_URLS=https://debuginfod.ubuntu.com /usr/bin/cmake --install /home/hp/arduino_cpp_publisher/build/arduinobot_firmware
[0.434s] -- Install configuration: ""
[0.434s] -- Up-to-date: /home/hp/arduino_cpp_publisher/install/arduinobot_firmware/share/arduinobot_firmware/environment/pythonpath.sh
[0.434s] -- Up-to-date: /home/hp/arduino_cpp_publisher/install/arduinobot_firmware/share/arduinobot_firmware/environment/pythonpath.dsv
[0.435s] -- Up-to-date: /home/hp/arduino_cpp_publisher/install/arduinobot_firmware/lib/python3.12/site-packages/arduinobot_firmware-0.0.0-py3.12.egg-info
[0.435s] -- Installing: /home/hp/arduino_cpp_publisher/install/arduinobot_firmware/lib/python3.12/site-packages/arduinobot_firmware-0.0.0-py3.12.egg-info/SOURCES.txt
[0.435s] -- Installing: /home/hp/arduino_cpp_publisher/install/arduinobot_firmware/lib/python3.12/site-packages/arduinobot_firmware-0.0.0-py3.12.egg-info/top_level.txt
[0.435s] -- Installing: /home/hp/arduino_cpp_publisher/install/arduinobot_firmware/lib/python3.12/site-packages/arduinobot_firmware-0.0.0-py3.12.egg-info/PKG-INFO
[0.435s] -- Installing: /home/hp/arduino_cpp_publisher/install/arduinobot_firmware/lib/python3.12/site-packages/arduinobot_firmware-0.0.0-py3.12.egg-info/dependency_links.txt
[0.435s] -- Up-to-date: /home/hp/arduino_cpp_publisher/install/arduinobot_firmware/lib/python3.12/site-packages/arduinobot_firmware
[0.435s] -- Up-to-date: /home/hp/arduino_cpp_publisher/install/arduinobot_firmware/lib/python3.12/site-packages/arduinobot_firmware/tf_publisher.py
[0.435s] -- Up-to-date: /home/hp/arduino_cpp_publisher/install/arduinobot_firmware/lib/python3.12/site-packages/arduinobot_firmware/__init__.py
[0.435s] -- Installing: /home/hp/arduino_cpp_publisher/install/arduinobot_firmware/lib/python3.12/site-packages/arduinobot_firmware/simple_serial_transmitter.py
[0.485s] Listing '/home/hp/arduino_cpp_publisher/install/arduinobot_firmware/lib/python3.12/site-packages/arduinobot_firmware'...
[0.485s] Compiling '/home/hp/arduino_cpp_publisher/install/arduinobot_firmware/lib/python3.12/site-packages/arduinobot_firmware/simple_serial_transmitter.py'...
[0.492s] -- Installing: /home/hp/arduino_cpp_publisher/install/arduinobot_firmware/lib/arduinobot_firmware/simple_serial_transmitter.py
[0.492s] -- Up-to-date: /home/hp/arduino_cpp_publisher/install/arduinobot_firmware/lib/arduinobot_firmware/tf_publisher.py
[0.492s] -- Up-to-date: /home/hp/arduino_cpp_publisher/install/arduinobot_firmware/share/ament_index/resource_index/package_run_dependencies/arduinobot_firmware
[0.493s] -- Up-to-date: /home/hp/arduino_cpp_publisher/install/arduinobot_firmware/share/ament_index/resource_index/parent_prefix_path/arduinobot_firmware
[0.493s] -- Up-to-date: /home/hp/arduino_cpp_publisher/install/arduinobot_firmware/share/arduinobot_firmware/environment/ament_prefix_path.sh
[0.493s] -- Up-to-date: /home/hp/arduino_cpp_publisher/install/arduinobot_firmware/share/arduinobot_firmware/environment/ament_prefix_path.dsv
[0.493s] -- Up-to-date: /home/hp/arduino_cpp_publisher/install/arduinobot_firmware/share/arduinobot_firmware/environment/path.sh
[0.493s] -- Up-to-date: /home/hp/arduino_cpp_publisher/install/arduinobot_firmware/share/arduinobot_firmware/environment/path.dsv
[0.493s] -- Up-to-date: /home/hp/arduino_cpp_publisher/install/arduinobot_firmware/share/arduinobot_firmware/local_setup.bash
[0.493s] -- Up-to-date: /home/hp/arduino_cpp_publisher/install/arduinobot_firmware/share/arduinobot_firmware/local_setup.sh
[0.494s] -- Up-to-date: /home/hp/arduino_cpp_publisher/install/arduinobot_firmware/share/arduinobot_firmware/local_setup.zsh
[0.494s] -- Up-to-date: /home/hp/arduino_cpp_publisher/install/arduinobot_firmware/share/arduinobot_firmware/local_setup.dsv
[0.494s] -- Installing: /home/hp/arduino_cpp_publisher/install/arduinobot_firmware/share/arduinobot_firmware/package.dsv
[0.494s] -- Up-to-date: /home/hp/arduino_cpp_publisher/install/arduinobot_firmware/share/ament_index/resource_index/packages/arduinobot_firmware
[0.494s] -- Up-to-date: /home/hp/arduino_cpp_publisher/install/arduinobot_firmware/share/arduinobot_firmware/cmake/arduinobot_firmwareConfig.cmake
[0.494s] -- Up-to-date: /home/hp/arduino_cpp_publisher/install/arduinobot_firmware/share/arduinobot_firmware/cmake/arduinobot_firmwareConfig-version.cmake
[0.495s] -- Up-to-date: /home/hp/arduino_cpp_publisher/install/arduinobot_firmware/share/arduinobot_firmware/package.xml
[0.497s] Invoked command in '/home/hp/arduino_cpp_publisher/build/arduinobot_firmware' returned '0': CMAKE_PREFIX_PATH=${CMAKE_PREFIX_PATH}:/opt/ros/jazzy DEBUGINFOD_URLS=https://debuginfod.ubuntu.com /usr/bin/cmake --install /home/hp/arduino_cpp_publisher/build/arduinobot_firmware
